tests/e2e/transactions/create-transactions.spec.ts(47,13): error TS2322: Type '{ name: string; status: "ACTIVE"; ibaBalance: Decimal; }' is not assignable to type '(Without<ScoutCreateInput, ScoutUncheckedCreateInput> & ScoutUncheckedCreateInput) | (Without<...> & ScoutCreateInput)'.
  Type '{ name: string; status: "ACTIVE"; ibaBalance: Decimal; }' is not assignable to type 'Without<ScoutUncheckedCreateInput, ScoutCreateInput> & ScoutCreateInput'.
    Property 'troop' is missing in type '{ name: string; status: "ACTIVE"; ibaBalance: Decimal; }' but required in type 'ScoutCreateInput'.
tests/e2e/transactions/create-transactions.spec.ts(103,13): error TS2322: Type '{ name: string; status: "ACTIVE"; ibaBalance: Decimal; }' is not assignable to type '(Without<ScoutCreateInput, ScoutUncheckedCreateInput> & ScoutUncheckedCreateInput) | (Without<...> & ScoutCreateInput)'.
  Type '{ name: string; status: "ACTIVE"; ibaBalance: Decimal; }' is not assignable to type 'Without<ScoutUncheckedCreateInput, ScoutCreateInput> & ScoutCreateInput'.
    Property 'troop' is missing in type '{ name: string; status: "ACTIVE"; ibaBalance: Decimal; }' but required in type 'ScoutCreateInput'.
tests/e2e/transactions/create-transactions.spec.ts(154,13): error TS2322: Type '{ type: "DONATION_IN"; amount: Decimal; description: string; status: "PENDING"; }' is not assignable to type '(Without<TransactionCreateInput, TransactionUncheckedCreateInput> & TransactionUncheckedCreateInput) | (Without<...> & TransactionCreateInput)'.
  Type '{ type: "DONATION_IN"; amount: Decimal; description: string; status: "PENDING"; }' is not assignable to type 'Without<TransactionUncheckedCreateInput, TransactionCreateInput> & TransactionCreateInput'.
    Property 'troop' is missing in type '{ type: "DONATION_IN"; amount: Decimal; description: string; status: "PENDING"; }' but required in type 'TransactionCreateInput'.
tests/e2e/transactions/iba-operations.spec.ts(13,35): error TS2322: Type '{ name: string; status: "ACTIVE"; ibaBalance: Decimal; }' is not assignable to type '(Without<ScoutCreateInput, ScoutUncheckedCreateInput> & ScoutUncheckedCreateInput) | (Without<...> & ScoutCreateInput)'.
  Type '{ name: string; status: "ACTIVE"; ibaBalance: Decimal; }' is not assignable to type 'Without<ScoutUncheckedCreateInput, ScoutCreateInput> & ScoutCreateInput'.
    Property 'troop' is missing in type '{ name: string; status: "ACTIVE"; ibaBalance: Decimal; }' but required in type 'ScoutCreateInput'.
tests/e2e/transactions/iba-operations.spec.ts(14,35): error TS2322: Type '{ name: string; status: "ACTIVE"; ibaBalance: Decimal; }' is not assignable to type '(Without<ScoutCreateInput, ScoutUncheckedCreateInput> & ScoutUncheckedCreateInput) | (Without<...> & ScoutCreateInput)'.
  Type '{ name: string; status: "ACTIVE"; ibaBalance: Decimal; }' is not assignable to type 'Without<ScoutUncheckedCreateInput, ScoutCreateInput> & ScoutCreateInput'.
    Property 'troop' is missing in type '{ name: string; status: "ACTIVE"; ibaBalance: Decimal; }' but required in type 'ScoutCreateInput'.
tests/e2e/transactions/iba-operations.spec.ts(15,35): error TS2322: Type '{ name: string; status: "ACTIVE"; ibaBalance: Decimal; }' is not assignable to type '(Without<ScoutCreateInput, ScoutUncheckedCreateInput> & ScoutUncheckedCreateInput) | (Without<...> & ScoutCreateInput)'.
  Type '{ name: string; status: "ACTIVE"; ibaBalance: Decimal; }' is not assignable to type 'Without<ScoutUncheckedCreateInput, ScoutCreateInput> & ScoutCreateInput'.
    Property 'troop' is missing in type '{ name: string; status: "ACTIVE"; ibaBalance: Decimal; }' but required in type 'ScoutCreateInput'.
tests/e2e/transactions/iba-operations.spec.ts(76,13): error TS2322: Type '{ name: string; status: "ACTIVE"; ibaBalance: Decimal; }' is not assignable to type '(Without<ScoutCreateInput, ScoutUncheckedCreateInput> & ScoutUncheckedCreateInput) | (Without<...> & ScoutCreateInput)'.
  Type '{ name: string; status: "ACTIVE"; ibaBalance: Decimal; }' is not assignable to type 'Without<ScoutUncheckedCreateInput, ScoutCreateInput> & ScoutCreateInput'.
    Property 'troop' is missing in type '{ name: string; status: "ACTIVE"; ibaBalance: Decimal; }' but required in type 'ScoutCreateInput'.
tests/e2e/transactions/iba-operations.spec.ts(81,13): error TS2322: Type '{ name: string; location: string; startDate: Date; endDate: Date; estimatedCost: Decimal; status: "OPEN"; }' is not assignable to type '(Without<CampoutCreateInput, CampoutUncheckedCreateInput> & CampoutUncheckedCreateInput) | (Without<...> & CampoutCreateInput)'.
  Type '{ name: string; location: string; startDate: Date; endDate: Date; estimatedCost: Decimal; status: "OPEN"; }' is not assignable to type 'Without<CampoutUncheckedCreateInput, CampoutCreateInput> & CampoutCreateInput'.
    Property 'troop' is missing in type '{ name: string; location: string; startDate: Date; endDate: Date; estimatedCost: Decimal; status: "OPEN"; }' but required in type 'CampoutCreateInput'.
tests/e2e/transactions/iba-operations.spec.ts(160,13): error TS2322: Type '{ type: "DONATION_IN"; amount: Decimal; description: string; status: "PENDING"; }' is not assignable to type '(Without<TransactionCreateInput, TransactionUncheckedCreateInput> & TransactionUncheckedCreateInput) | (Without<...> & TransactionCreateInput)'.
  Type '{ type: "DONATION_IN"; amount: Decimal; description: string; status: "PENDING"; }' is not assignable to type 'Without<TransactionUncheckedCreateInput, TransactionCreateInput> & TransactionCreateInput'.
    Property 'troop' is missing in type '{ type: "DONATION_IN"; amount: Decimal; description: string; status: "PENDING"; }' but required in type 'TransactionCreateInput'.
tests/e2e/workflows/end-to-end.spec.ts(33,13): error TS2322: Type '{ name: string; status: "ACTIVE"; ibaBalance: Decimal; }' is not assignable to type '(Without<ScoutCreateInput, ScoutUncheckedCreateInput> & ScoutUncheckedCreateInput) | (Without<...> & ScoutCreateInput)'.
  Type '{ name: string; status: "ACTIVE"; ibaBalance: Decimal; }' is not assignable to type 'Without<ScoutUncheckedCreateInput, ScoutCreateInput> & ScoutCreateInput'.
    Property 'troop' is missing in type '{ name: string; status: "ACTIVE"; ibaBalance: Decimal; }' but required in type 'ScoutCreateInput'.
tests/e2e/workflows/end-to-end.spec.ts(41,13): error TS2322: Type '{ name: string; status: "ACTIVE"; ibaBalance: Decimal; }' is not assignable to type '(Without<ScoutCreateInput, ScoutUncheckedCreateInput> & ScoutUncheckedCreateInput) | (Without<...> & ScoutCreateInput)'.
  Type '{ name: string; status: "ACTIVE"; ibaBalance: Decimal; }' is not assignable to type 'Without<ScoutUncheckedCreateInput, ScoutCreateInput> & ScoutCreateInput'.
    Property 'troop' is missing in type '{ name: string; status: "ACTIVE"; ibaBalance: Decimal; }' but required in type 'ScoutCreateInput'.
tests/e2e/workflows/end-to-end.spec.ts(105,13): error TS2322: Type '{ name: string; status: "ACTIVE"; ibaBalance: Decimal; }' is not assignable to type '(Without<ScoutCreateInput, ScoutUncheckedCreateInput> & ScoutUncheckedCreateInput) | (Without<...> & ScoutCreateInput)'.
  Type '{ name: string; status: "ACTIVE"; ibaBalance: Decimal; }' is not assignable to type 'Without<ScoutUncheckedCreateInput, ScoutCreateInput> & ScoutCreateInput'.
    Property 'troop' is missing in type '{ name: string; status: "ACTIVE"; ibaBalance: Decimal; }' but required in type 'ScoutCreateInput'.
tests/e2e/workflows/end-to-end.spec.ts(143,13): error TS2322: Type '{ name: string; location: string; startDate: Date; endDate: Date; estimatedCost: Decimal; status: "OPEN"; }' is not assignable to type '(Without<CampoutCreateInput, CampoutUncheckedCreateInput> & CampoutUncheckedCreateInput) | (Without<...> & CampoutCreateInput)'.
  Type '{ name: string; location: string; startDate: Date; endDate: Date; estimatedCost: Decimal; status: "OPEN"; }' is not assignable to type 'Without<CampoutUncheckedCreateInput, CampoutCreateInput> & CampoutCreateInput'.
    Property 'troop' is missing in type '{ name: string; location: string; startDate: Date; endDate: Date; estimatedCost: Decimal; status: "OPEN"; }' but required in type 'CampoutCreateInput'.
